<?xml version="1.0" encoding="UTF-8"?>
<!-- Generated by org.testng.reporters.JUnitReportReporter -->
<testsuite hostname="MUKESHCHANDRA" failures="0" tests="4" name="TestRunner.CucumberTestRunner" time="184.749" errors="0" timestamp="2024-06-19T14:59:17 IST" skipped="0">
  <testcase classname="TestRunner.CucumberTestRunner" name="runScenario" time="42.303"/>
  <system-out/>
  <testcase classname="TestRunner.CucumberTestRunner" name="runScenario" time="55.811"/>
  <system-out/>
  <testcase classname="TestRunner.CucumberTestRunner" name="runScenario" time="49.608"/>
  <system-out/>
  <testcase classname="TestRunner.CucumberTestRunner" name="runScenario" time="37.027"/>
  <system-out/>
</testsuite> <!-- TestRunner.CucumberTestRunner -->
